c:\users\logan\desktop\2d-engine\engine\x64\debug\vc141.pdb
c:\users\logan\desktop\2d-engine\engine\x64\debug\vc141.idb
c:\users\logan\desktop\2d-engine\engine\x64\debug\main.obj
c:\users\logan\desktop\2d-engine\x64\debug\engine.pdb
c:\users\logan\desktop\2d-engine\engine\x64\debug\engine.tlog\cl.command.1.tlog
c:\users\logan\desktop\2d-engine\engine\x64\debug\engine.tlog\cl.read.1.tlog
c:\users\logan\desktop\2d-engine\engine\x64\debug\engine.tlog\cl.write.1.tlog
c:\users\logan\desktop\2d-engine\engine\x64\debug\engine.tlog\link.15308.read.1.tlog
c:\users\logan\desktop\2d-engine\engine\x64\debug\engine.tlog\link.15308.write.1.tlog
c:\users\logan\desktop\2d-engine\engine\x64\debug\engine.tlog\link.17920.read.1.tlog
c:\users\logan\desktop\2d-engine\engine\x64\debug\engine.tlog\link.17920.read.7.tlog
c:\users\logan\desktop\2d-engine\engine\x64\debug\engine.tlog\link.17920.write.1.tlog
c:\users\logan\desktop\2d-engine\engine\x64\debug\engine.tlog\link.20616-cvtres.read.1.tlog
c:\users\logan\desktop\2d-engine\engine\x64\debug\engine.tlog\link.20616-cvtres.write.1.tlog
c:\users\logan\desktop\2d-engine\engine\x64\debug\engine.tlog\link.20616-rc.read.1.tlog
c:\users\logan\desktop\2d-engine\engine\x64\debug\engine.tlog\link.20616-rc.write.1.tlog
c:\users\logan\desktop\2d-engine\engine\x64\debug\engine.tlog\link.20616.read.1.tlog
c:\users\logan\desktop\2d-engine\engine\x64\debug\engine.tlog\link.20616.write.1.tlog
c:\users\logan\desktop\2d-engine\engine\x64\debug\engine.tlog\link.command.1.tlog
c:\users\logan\desktop\2d-engine\engine\x64\debug\engine.tlog\link.read.1.tlog
c:\users\logan\desktop\2d-engine\engine\x64\debug\engine.tlog\link.write.1.tlog
